<?xml version="1.0" encoding="UTF-8"?>
<testng-results skipped="0" failed="0" total="1" passed="1">
  <reporter-output>
  </reporter-output>
  <suite name="Default suite" duration-ms="59" started-at="2016-06-04T07:35:21Z" finished-at="2016-06-04T07:35:21Z">
    <groups>
    </groups>
    <test name="Default test" duration-ms="59" started-at="2016-06-04T07:35:21Z" finished-at="2016-06-04T07:35:21Z">
      <class name="com.aryaan.shortlist.roughwork.Sampletest">
        <test-method status="PASS" signature="test()[pri:0, instance:com.aryaan.shortlist.roughwork.Sampletest@47f37ef1]" name="test" duration-ms="16" started-at="2016-06-04T13:05:21Z" finished-at="2016-06-04T13:05:21Z">
          <reporter-output>
          </reporter-output>
        </test-method> <!-- test -->
      </class> <!-- com.aryaan.shortlist.roughwork.Sampletest -->
    </test> <!-- Default test -->
  </suite> <!-- Default suite -->
</testng-results>
